<?xml version="1.0" encoding="UTF-8"?>
<testng-results skipped="0" failed="0" ignored="0" total="5" passed="5">
  <reporter-output>
  </reporter-output>
  <suite name="Surefire suite" duration-ms="330508" started-at="2021-09-22T09:28:49 IST" finished-at="2021-09-22T09:34:19 IST">
    <groups>
      <group name="cucumber">
        <method signature="AbstractTestNGCucumberTests.runScenario(io.cucumber.testng.PickleWrapper, io.cucumber.testng.FeatureWrapper)[pri:0, instance:parallel.ParallelRun@1f36e637]" name="runScenario" class="io.cucumber.testng.AbstractTestNGCucumberTests"/>
      </group> <!-- cucumber -->
    </groups>
    <test name="Surefire test" duration-ms="330508" started-at="2021-09-22T09:28:49 IST" finished-at="2021-09-22T09:34:19 IST">
      <class name="parallel.ParallelRun">
        <test-method status="PASS" signature="setUpClass()[pri:0, instance:parallel.ParallelRun@1f36e637]" name="setUpClass" is-config="true" duration-ms="1039" started-at="2021-09-22T09:28:49 IST" finished-at="2021-09-22T09:28:50 IST">
          <reporter-output>
          </reporter-output>
        </test-method> <!-- setUpClass -->
        <test-method status="PASS" signature="runScenario(io.cucumber.testng.PickleWrapper, io.cucumber.testng.FeatureWrapper)[pri:0, instance:parallel.ParallelRun@1f36e637]" name="runScenario" duration-ms="326103" started-at="2021-09-22T09:28:50 IST" description="Runs Cucumber Scenarios" data-provider="scenarios" finished-at="2021-09-22T09:34:16 IST">
          <params>
            <param index="0">
              <value>
                <![CDATA["Predefined CountDown Timer 5 minutes validation"]]>
              </value>
            </param>
            <param index="1">
              <value>
                <![CDATA["Optional[Custom Timer Feature]"]]>
              </value>
            </param>
          </params>
          <reporter-output>
          </reporter-output>
        </test-method> <!-- runScenario -->
        <test-method status="PASS" signature="runScenario(io.cucumber.testng.PickleWrapper, io.cucumber.testng.FeatureWrapper)[pri:0, instance:parallel.ParallelRun@1f36e637]" name="runScenario" duration-ms="25883" started-at="2021-09-22T09:28:50 IST" description="Runs Cucumber Scenarios" data-provider="scenarios" finished-at="2021-09-22T09:29:16 IST">
          <params>
            <param index="0">
              <value>
                <![CDATA["Contact Link"]]>
              </value>
            </param>
            <param index="1">
              <value>
                <![CDATA["Optional[Home Page Validation]"]]>
              </value>
            </param>
          </params>
          <reporter-output>
          </reporter-output>
        </test-method> <!-- runScenario -->
        <test-method status="PASS" signature="runScenario(io.cucumber.testng.PickleWrapper, io.cucumber.testng.FeatureWrapper)[pri:0, instance:parallel.ParallelRun@1f36e637]" name="runScenario" duration-ms="21813" started-at="2021-09-22T09:28:50 IST" description="Runs Cucumber Scenarios" data-provider="scenarios" finished-at="2021-09-22T09:29:12 IST">
          <params>
            <param index="0">
              <value>
                <![CDATA["Logo Image Verification"]]>
              </value>
            </param>
            <param index="1">
              <value>
                <![CDATA["Optional[Home Page Validation]"]]>
              </value>
            </param>
          </params>
          <reporter-output>
          </reporter-output>
        </test-method> <!-- runScenario -->
        <test-method status="PASS" signature="runScenario(io.cucumber.testng.PickleWrapper, io.cucumber.testng.FeatureWrapper)[pri:0, instance:parallel.ParallelRun@1f36e637]" name="runScenario" duration-ms="21975" started-at="2021-09-22T09:28:50 IST" description="Runs Cucumber Scenarios" data-provider="scenarios" finished-at="2021-09-22T09:29:12 IST">
          <params>
            <param index="0">
              <value>
                <![CDATA["Total Number of Links Verification"]]>
              </value>
            </param>
            <param index="1">
              <value>
                <![CDATA["Optional[Home Page Validation]"]]>
              </value>
            </param>
          </params>
          <reporter-output>
          </reporter-output>
        </test-method> <!-- runScenario -->
        <test-method status="PASS" signature="runScenario(io.cucumber.testng.PickleWrapper, io.cucumber.testng.FeatureWrapper)[pri:0, instance:parallel.ParallelRun@1f36e637]" name="runScenario" duration-ms="21975" started-at="2021-09-22T09:28:50 IST" description="Runs Cucumber Scenarios" data-provider="scenarios" finished-at="2021-09-22T09:29:12 IST">
          <params>
            <param index="0">
              <value>
                <![CDATA["Home Page Title"]]>
              </value>
            </param>
            <param index="1">
              <value>
                <![CDATA["Optional[Home Page Validation]"]]>
              </value>
            </param>
          </params>
          <reporter-output>
          </reporter-output>
        </test-method> <!-- runScenario -->
        <test-method status="PASS" signature="tearDownClass()[pri:0, instance:parallel.ParallelRun@1f36e637]" name="tearDownClass" is-config="true" duration-ms="3321" started-at="2021-09-22T09:34:16 IST" finished-at="2021-09-22T09:34:19 IST">
          <reporter-output>
          </reporter-output>
        </test-method> <!-- tearDownClass -->
      </class> <!-- parallel.ParallelRun -->
    </test> <!-- Surefire test -->
  </suite> <!-- Surefire suite -->
</testng-results>
