<?xml version="1.0" encoding="UTF-8"?>
<testsuite xmlns:xsi="http://www.w3.org/2001/XMLSchema-instance" xsi:noNamespaceSchemaLocation="https://maven.apache.org/surefire/maven-surefire-plugin/xsd/surefire-test-report.xsd" name="parallel.ParallelRun" time="331.101" tests="5" errors="0" skipped="0" failures="0">
  <properties>
[...]
</properties>
  <testcase name="runScenario" classname="parallel.ParallelRun" time="21.84"/>
  <testcase name="runScenario" classname="parallel.ParallelRun" time="21.974"/>
  <testcase name="runScenario" classname="parallel.ParallelRun" time="21.974"/>
  <testcase name="runScenario" classname="parallel.ParallelRun" time="25.879"/>
  <testcase name="runScenario" classname="parallel.ParallelRun" time="326.098"/>
</testsuite>